{"/home/gleb/PycharmProjects/MicroBlog/frontend/micro-blog/src/components/Icons.jsx": {"path":"/home/gleb/PycharmProjects/MicroBlog/frontend/micro-blog/src/components/Icons.jsx","statementMap":{"0":{"start":{"line":1,"column":23},"end":{"line":4,"column":null}},"1":{"start":{"line":2,"column":2},"end":{"line":4,"column":null}},"2":{"start":{"line":7,"column":24},"end":{"line":10,"column":null}},"3":{"start":{"line":8,"column":2},"end":{"line":10,"column":null}},"4":{"start":{"line":13,"column":28},"end":{"line":16,"column":null}},"5":{"start":{"line":14,"column":2},"end":{"line":16,"column":null}},"6":{"start":{"line":19,"column":30},"end":{"line":22,"column":null}},"7":{"start":{"line":20,"column":2},"end":{"line":22,"column":null}},"8":{"start":{"line":25,"column":29},"end":{"line":28,"column":null}},"9":{"start":{"line":26,"column":2},"end":{"line":28,"column":null}},"10":{"start":{"line":31,"column":31},"end":{"line":34,"column":null}},"11":{"start":{"line":32,"column":2},"end":{"line":34,"column":null}},"12":{"start":{"line":37,"column":24},"end":{"line":40,"column":null}},"13":{"start":{"line":38,"column":2},"end":{"line":40,"column":null}}},"fnMap":{"0":{"name":"(anonymous_0)","decl":{"start":{"line":1,"column":23},"end":{"line":1,"column":24}},"loc":{"start":{"line":2,"column":2},"end":{"line":4,"column":null}},"line":2},"1":{"name":"(anonymous_1)","decl":{"start":{"line":7,"column":24},"end":{"line":7,"column":25}},"loc":{"start":{"line":8,"column":2},"end":{"line":10,"column":null}},"line":8},"2":{"name":"(anonymous_2)","decl":{"start":{"line":13,"column":28},"end":{"line":13,"column":29}},"loc":{"start":{"line":14,"column":2},"end":{"line":16,"column":null}},"line":14},"3":{"name":"(anonymous_3)","decl":{"start":{"line":19,"column":30},"end":{"line":19,"column":31}},"loc":{"start":{"line":20,"column":2},"end":{"line":22,"column":null}},"line":20},"4":{"name":"(anonymous_4)","decl":{"start":{"line":25,"column":29},"end":{"line":25,"column":30}},"loc":{"start":{"line":26,"column":2},"end":{"line":28,"column":null}},"line":26},"5":{"name":"(anonymous_5)","decl":{"start":{"line":31,"column":31},"end":{"line":31,"column":32}},"loc":{"start":{"line":32,"column":2},"end":{"line":34,"column":null}},"line":32},"6":{"name":"(anonymous_6)","decl":{"start":{"line":37,"column":24},"end":{"line":37,"column":25}},"loc":{"start":{"line":38,"column":2},"end":{"line":40,"column":null}},"line":38}},"branchMap":{"0":{"loc":{"start":{"line":1,"column":26},"end":{"line":1,"column":48}},"type":"default-arg","locations":[{"start":{"line":1,"column":38},"end":{"line":1,"column":48}}],"line":1},"1":{"loc":{"start":{"line":7,"column":27},"end":{"line":7,"column":49}},"type":"default-arg","locations":[{"start":{"line":7,"column":39},"end":{"line":7,"column":49}}],"line":7},"2":{"loc":{"start":{"line":13,"column":31},"end":{"line":13,"column":53}},"type":"default-arg","locations":[{"start":{"line":13,"column":43},"end":{"line":13,"column":53}}],"line":13},"3":{"loc":{"start":{"line":19,"column":33},"end":{"line":19,"column":55}},"type":"default-arg","locations":[{"start":{"line":19,"column":45},"end":{"line":19,"column":55}}],"line":19},"4":{"loc":{"start":{"line":25,"column":32},"end":{"line":25,"column":54}},"type":"default-arg","locations":[{"start":{"line":25,"column":44},"end":{"line":25,"column":54}}],"line":25},"5":{"loc":{"start":{"line":31,"column":34},"end":{"line":31,"column":56}},"type":"default-arg","locations":[{"start":{"line":31,"column":46},"end":{"line":31,"column":56}}],"line":31},"6":{"loc":{"start":{"line":37,"column":27},"end":{"line":37,"column":50}},"type":"default-arg","locations":[{"start":{"line":37,"column":39},"end":{"line":37,"column":50}}],"line":37},"7":{"loc":{"start":{"line":37,"column":50},"end":{"line":37,"column":65}},"type":"default-arg","locations":[{"start":{"line":37,"column":59},"end":{"line":37,"column":65}}],"line":37},"8":{"loc":{"start":{"line":38,"column":35},"end":{"line":38,"column":69}},"type":"cond-expr","locations":[{"start":{"line":38,"column":44},"end":{"line":38,"column":61}},{"start":{"line":38,"column":61},"end":{"line":38,"column":69}}],"line":38}},"s":{"0":2,"1":6,"2":2,"3":0,"4":2,"5":0,"6":2,"7":7,"8":2,"9":7,"10":2,"11":7,"12":2,"13":7},"f":{"0":6,"1":0,"2":0,"3":7,"4":7,"5":7,"6":7},"b":{"0":[6],"1":[0],"2":[0],"3":[7],"4":[7],"5":[7],"6":[7],"7":[7],"8":[1,6]},"meta":{"lastBranch":9,"lastFunction":7,"lastStatement":14,"seen":{"s:1:23:4:Infinity":0,"f:1:23:1:24":0,"s:2:2:4:Infinity":1,"b:1:38:1:48":0,"s:7:24:10:Infinity":2,"f:7:24:7:25":1,"s:8:2:10:Infinity":3,"b:7:39:7:49":1,"s:13:28:16:Infinity":4,"f:13:28:13:29":2,"s:14:2:16:Infinity":5,"b:13:43:13:53":2,"s:19:30:22:Infinity":6,"f:19:30:19:31":3,"s:20:2:22:Infinity":7,"b:19:45:19:55":3,"s:25:29:28:Infinity":8,"f:25:29:25:30":4,"s:26:2:28:Infinity":9,"b:25:44:25:54":4,"s:31:31:34:Infinity":10,"f:31:31:31:32":5,"s:32:2:34:Infinity":11,"b:31:46:31:56":5,"s:37:24:40:Infinity":12,"f:37:24:37:25":6,"s:38:2:40:Infinity":13,"b:37:39:37:50":6,"b:37:59:37:65":7,"b:38:44:38:61:38:61:38:69":8}}}
,"/home/gleb/PycharmProjects/MicroBlog/frontend/micro-blog/src/components/Layout.jsx": {"path":"/home/gleb/PycharmProjects/MicroBlog/frontend/micro-blog/src/components/Layout.jsx","statementMap":{"0":{"start":{"line":8,"column":23},"end":{"line":8,"column":null}},"1":{"start":{"line":9,"column":26},"end":{"line":9,"column":null}},"2":{"start":{"line":10,"column":8},"end":{"line":10,"column":null}},"3":{"start":{"line":11,"column":8},"end":{"line":11,"column":null}},"4":{"start":{"line":12,"column":42},"end":{"line":12,"column":null}},"5":{"start":{"line":14,"column":23},"end":{"line":17,"column":null}},"6":{"start":{"line":15,"column":4},"end":{"line":15,"column":null}},"7":{"start":{"line":16,"column":4},"end":{"line":16,"column":null}},"8":{"start":{"line":19,"column":19},"end":{"line":24,"column":null}},"9":{"start":{"line":26,"column":21},"end":{"line":30,"column":null}},"10":{"start":{"line":27,"column":19},"end":{"line":27,"column":null}},"11":{"start":{"line":28,"column":25},"end":{"line":28,"column":null}},"12":{"start":{"line":29,"column":4},"end":{"line":29,"column":null}},"13":{"start":{"line":32,"column":26},"end":{"line":41,"column":null}},"14":{"start":{"line":33,"column":4},"end":{"line":40,"column":null}},"15":{"start":{"line":35,"column":8},"end":{"line":35,"column":null}},"16":{"start":{"line":37,"column":8},"end":{"line":37,"column":null}},"17":{"start":{"line":39,"column":8},"end":{"line":39,"column":null}},"18":{"start":{"line":43,"column":2},"end":{"line":156,"column":null}},"19":{"start":{"line":56,"column":20},"end":{"line":66,"column":null}},"20":{"start":{"line":100,"column":31},"end":{"line":100,"column":null}},"21":{"start":{"line":119,"column":20},"end":{"line":130,"column":null}},"22":{"start":{"line":122,"column":37},"end":{"line":122,"column":null}},"23":{"start":{"line":133,"column":37},"end":{"line":133,"column":53}},"24":{"start":{"line":133,"column":53},"end":{"line":133,"column":79}},"25":{"start":{"line":142,"column":33},"end":{"line":142,"column":null}}},"fnMap":{"0":{"name":"Layout","decl":{"start":{"line":7,"column":24},"end":{"line":7,"column":31}},"loc":{"start":{"line":7,"column":45},"end":{"line":158,"column":null}},"line":7},"1":{"name":"(anonymous_1)","decl":{"start":{"line":14,"column":23},"end":{"line":14,"column":29}},"loc":{"start":{"line":14,"column":29},"end":{"line":17,"column":null}},"line":14},"2":{"name":"(anonymous_2)","decl":{"start":{"line":26,"column":21},"end":{"line":26,"column":27}},"loc":{"start":{"line":26,"column":27},"end":{"line":30,"column":null}},"line":26},"3":{"name":"(anonymous_3)","decl":{"start":{"line":32,"column":26},"end":{"line":32,"column":32}},"loc":{"start":{"line":32,"column":32},"end":{"line":41,"column":null}},"line":32},"4":{"name":"(anonymous_4)","decl":{"start":{"line":55,"column":32},"end":{"line":55,"column":33}},"loc":{"start":{"line":56,"column":20},"end":{"line":66,"column":null}},"line":56},"5":{"name":"(anonymous_5)","decl":{"start":{"line":100,"column":25},"end":{"line":100,"column":31}},"loc":{"start":{"line":100,"column":31},"end":{"line":100,"column":null}},"line":100},"6":{"name":"(anonymous_6)","decl":{"start":{"line":118,"column":32},"end":{"line":118,"column":33}},"loc":{"start":{"line":119,"column":20},"end":{"line":130,"column":null}},"line":119},"7":{"name":"(anonymous_7)","decl":{"start":{"line":122,"column":31},"end":{"line":122,"column":37}},"loc":{"start":{"line":122,"column":37},"end":{"line":122,"column":null}},"line":122},"8":{"name":"(anonymous_8)","decl":{"start":{"line":133,"column":29},"end":{"line":133,"column":35}},"loc":{"start":{"line":133,"column":35},"end":{"line":133,"column":null}},"line":133},"9":{"name":"(anonymous_9)","decl":{"start":{"line":142,"column":27},"end":{"line":142,"column":33}},"loc":{"start":{"line":142,"column":33},"end":{"line":142,"column":null}},"line":142}},"branchMap":{"0":{"loc":{"start":{"line":33,"column":4},"end":{"line":40,"column":null}},"type":"switch","locations":[{"start":{"line":34,"column":6},"end":{"line":35,"column":null}},{"start":{"line":36,"column":6},"end":{"line":37,"column":null}},{"start":{"line":38,"column":6},"end":{"line":39,"column":null}}],"line":33},"1":{"loc":{"start":{"line":53,"column":15},"end":{"line":81,"column":null}},"type":"cond-expr","locations":[{"start":{"line":54,"column":16},"end":{"line":74,"column":null}},{"start":{"line":76,"column":16},"end":{"line":81,"column":null}}],"line":53},"2":{"loc":{"start":{"line":60,"column":24},"end":{"line":62,"column":null}},"type":"cond-expr","locations":[{"start":{"line":61,"column":28},"end":{"line":61,"column":null}},{"start":{"line":62,"column":28},"end":{"line":62,"column":null}}],"line":60},"3":{"loc":{"start":{"line":104,"column":19},"end":{"line":107,"column":null}},"type":"cond-expr","locations":[{"start":{"line":105,"column":20},"end":{"line":105,"column":null}},{"start":{"line":107,"column":20},"end":{"line":107,"column":null}}],"line":104},"4":{"loc":{"start":{"line":114,"column":11},"end":{"line":148,"column":null}},"type":"binary-expr","locations":[{"start":{"line":114,"column":11},"end":{"line":114,"column":null}},{"start":{"line":115,"column":12},"end":{"line":148,"column":null}}],"line":114},"5":{"loc":{"start":{"line":116,"column":15},"end":{"line":146,"column":null}},"type":"cond-expr","locations":[{"start":{"line":117,"column":16},"end":{"line":138,"column":null}},{"start":{"line":140,"column":16},"end":{"line":146,"column":null}}],"line":116},"6":{"loc":{"start":{"line":124,"column":24},"end":{"line":126,"column":null}},"type":"cond-expr","locations":[{"start":{"line":125,"column":28},"end":{"line":125,"column":null}},{"start":{"line":126,"column":28},"end":{"line":126,"column":null}}],"line":124}},"s":{"0":3,"1":3,"2":3,"3":3,"4":3,"5":3,"6":0,"7":0,"8":3,"9":3,"10":0,"11":0,"12":0,"13":3,"14":6,"15":6,"16":0,"17":0,"18":3,"19":4,"20":0,"21":0,"22":0,"23":0,"24":0,"25":0},"f":{"0":3,"1":0,"2":0,"3":6,"4":4,"5":0,"6":0,"7":0,"8":0,"9":0},"b":{"0":[6,0,0],"1":[1,2],"2":[1,3],"3":[0,3],"4":[3,0],"5":[0,0],"6":[0,0]},"meta":{"lastBranch":7,"lastFunction":10,"lastStatement":26,"seen":{"f:7:24:7:31":0,"s:8:23:8:Infinity":0,"s:9:26:9:Infinity":1,"s:10:8:10:Infinity":2,"s:11:8:11:Infinity":3,"s:12:42:12:Infinity":4,"s:14:23:17:Infinity":5,"f:14:23:14:29":1,"s:15:4:15:Infinity":6,"s:16:4:16:Infinity":7,"s:19:19:24:Infinity":8,"s:26:21:30:Infinity":9,"f:26:21:26:27":2,"s:27:19:27:Infinity":10,"s:28:25:28:Infinity":11,"s:29:4:29:Infinity":12,"s:32:26:41:Infinity":13,"f:32:26:32:32":3,"b:34:6:35:Infinity:36:6:37:Infinity:38:6:39:Infinity":0,"s:33:4:40:Infinity":14,"s:35:8:35:Infinity":15,"s:37:8:37:Infinity":16,"s:39:8:39:Infinity":17,"s:43:2:156:Infinity":18,"b:54:16:74:Infinity:76:16:81:Infinity":1,"f:55:32:55:33":4,"s:56:20:66:Infinity":19,"b:61:28:61:Infinity:62:28:62:Infinity":2,"f:100:25:100:31":5,"s:100:31:100:Infinity":20,"b:105:20:105:Infinity:107:20:107:Infinity":3,"b:114:11:114:Infinity:115:12:148:Infinity":4,"b:117:16:138:Infinity:140:16:146:Infinity":5,"f:118:32:118:33":6,"s:119:20:130:Infinity":21,"f:122:31:122:37":7,"s:122:37:122:Infinity":22,"b:125:28:125:Infinity:126:28:126:Infinity":6,"f:133:29:133:35":8,"s:133:37:133:53":23,"s:133:53:133:79":24,"f:142:27:142:33":9,"s:142:33:142:Infinity":25}}}
,"/home/gleb/PycharmProjects/MicroBlog/frontend/micro-blog/src/components/Markdown.jsx": {"path":"/home/gleb/PycharmProjects/MicroBlog/frontend/micro-blog/src/components/Markdown.jsx","statementMap":{"0":{"start":{"line":2,"column":25},"end":{"line":25,"column":null}},"1":{"start":{"line":3,"column":4},"end":{"line":3,"column":null}},"2":{"start":{"line":3,"column":15},"end":{"line":3,"column":null}},"3":{"start":{"line":5,"column":15},"end":{"line":22,"column":null}},"4":{"start":{"line":24,"column":4},"end":{"line":24,"column":null}},"5":{"start":{"line":27,"column":2},"end":{"line":31,"column":null}}},"fnMap":{"0":{"name":"Markdown","decl":{"start":{"line":1,"column":24},"end":{"line":1,"column":33}},"loc":{"start":{"line":1,"column":46},"end":{"line":33,"column":null}},"line":1},"1":{"name":"(anonymous_1)","decl":{"start":{"line":2,"column":25},"end":{"line":2,"column":26}},"loc":{"start":{"line":2,"column":35},"end":{"line":25,"column":null}},"line":2}},"branchMap":{"0":{"loc":{"start":{"line":3,"column":4},"end":{"line":3,"column":null}},"type":"if","locations":[{"start":{"line":3,"column":4},"end":{"line":3,"column":null}},{"start":{},"end":{}}],"line":3}},"s":{"0":15,"1":15,"2":2,"3":13,"4":13,"5":15},"f":{"0":15,"1":15},"b":{"0":[2,13]},"meta":{"lastBranch":1,"lastFunction":2,"lastStatement":6,"seen":{"f:1:24:1:33":0,"s:2:25:25:Infinity":0,"f:2:25:2:26":1,"b:3:4:3:Infinity:undefined:undefined:undefined:undefined":0,"s:3:4:3:Infinity":1,"s:3:15:3:Infinity":2,"s:5:15:22:Infinity":3,"s:24:4:24:Infinity":4,"s:27:2:31:Infinity":5}}}
,"/home/gleb/PycharmProjects/MicroBlog/frontend/micro-blog/src/components/PostCard.jsx": {"path":"/home/gleb/PycharmProjects/MicroBlog/frontend/micro-blog/src/components/PostCard.jsx","statementMap":{"0":{"start":{"line":9,"column":15},"end":{"line":9,"column":null}},"1":{"start":{"line":10,"column":28},"end":{"line":10,"column":null}},"2":{"start":{"line":11,"column":40},"end":{"line":11,"column":null}},"3":{"start":{"line":12,"column":32},"end":{"line":12,"column":null}},"4":{"start":{"line":14,"column":21},"end":{"line":33,"column":null}},"5":{"start":{"line":15,"column":4},"end":{"line":15,"column":null}},"6":{"start":{"line":15,"column":32},"end":{"line":15,"column":null}},"7":{"start":{"line":16,"column":4},"end":{"line":16,"column":null}},"8":{"start":{"line":17,"column":4},"end":{"line":32,"column":null}},"9":{"start":{"line":18,"column":23},"end":{"line":18,"column":null}},"10":{"start":{"line":19,"column":6},"end":{"line":19,"column":null}},"11":{"start":{"line":20,"column":25},"end":{"line":20,"column":null}},"12":{"start":{"line":21,"column":6},"end":{"line":25,"column":null}},"13":{"start":{"line":21,"column":28},"end":{"line":25,"column":8}},"14":{"start":{"line":27,"column":6},"end":{"line":27,"column":null}},"15":{"start":{"line":29,"column":6},"end":{"line":29,"column":null}},"16":{"start":{"line":31,"column":6},"end":{"line":31,"column":null}},"17":{"start":{"line":35,"column":25},"end":{"line":50,"column":null}},"18":{"start":{"line":36,"column":4},"end":{"line":36,"column":null}},"19":{"start":{"line":36,"column":26},"end":{"line":36,"column":null}},"20":{"start":{"line":37,"column":4},"end":{"line":37,"column":null}},"21":{"start":{"line":38,"column":4},"end":{"line":48,"column":null}},"22":{"start":{"line":39,"column":6},"end":{"line":43,"column":null}},"23":{"start":{"line":40,"column":8},"end":{"line":40,"column":null}},"24":{"start":{"line":42,"column":8},"end":{"line":42,"column":null}},"25":{"start":{"line":44,"column":6},"end":{"line":44,"column":null}},"26":{"start":{"line":45,"column":6},"end":{"line":45,"column":null}},"27":{"start":{"line":47,"column":6},"end":{"line":47,"column":null}},"28":{"start":{"line":49,"column":4},"end":{"line":49,"column":null}},"29":{"start":{"line":52,"column":21},"end":{"line":58,"column":null}},"30":{"start":{"line":53,"column":4},"end":{"line":57,"column":null}},"31":{"start":{"line":60,"column":2},"end":{"line":155,"column":null}},"32":{"start":{"line":103,"column":31},"end":{"line":103,"column":null}},"33":{"start":{"line":121,"column":31},"end":{"line":121,"column":null}}},"fnMap":{"0":{"name":"PostCard","decl":{"start":{"line":8,"column":24},"end":{"line":8,"column":33}},"loc":{"start":{"line":8,"column":53},"end":{"line":157,"column":null}},"line":8},"1":{"name":"(anonymous_1)","decl":{"start":{"line":14,"column":21},"end":{"line":14,"column":28}},"loc":{"start":{"line":14,"column":38},"end":{"line":33,"column":null}},"line":14},"2":{"name":"(anonymous_2)","decl":{"start":{"line":21,"column":19},"end":{"line":21,"column":28}},"loc":{"start":{"line":21,"column":28},"end":{"line":25,"column":8}},"line":21},"3":{"name":"(anonymous_3)","decl":{"start":{"line":35,"column":25},"end":{"line":35,"column":37}},"loc":{"start":{"line":35,"column":37},"end":{"line":50,"column":null}},"line":35},"4":{"name":"(anonymous_4)","decl":{"start":{"line":52,"column":21},"end":{"line":52,"column":22}},"loc":{"start":{"line":52,"column":34},"end":{"line":58,"column":null}},"line":52},"5":{"name":"(anonymous_5)","decl":{"start":{"line":103,"column":25},"end":{"line":103,"column":31}},"loc":{"start":{"line":103,"column":31},"end":{"line":103,"column":null}},"line":103},"6":{"name":"(anonymous_6)","decl":{"start":{"line":121,"column":25},"end":{"line":121,"column":31}},"loc":{"start":{"line":121,"column":31},"end":{"line":121,"column":null}},"line":121}},"branchMap":{"0":{"loc":{"start":{"line":15,"column":4},"end":{"line":15,"column":null}},"type":"if","locations":[{"start":{"line":15,"column":4},"end":{"line":15,"column":null}},{"start":{},"end":{}}],"line":15},"1":{"loc":{"start":{"line":15,"column":8},"end":{"line":15,"column":32}},"type":"binary-expr","locations":[{"start":{"line":15,"column":8},"end":{"line":15,"column":17}},{"start":{"line":15,"column":17},"end":{"line":15,"column":32}}],"line":15},"2":{"loc":{"start":{"line":18,"column":23},"end":{"line":18,"column":null}},"type":"cond-expr","locations":[{"start":{"line":18,"column":57},"end":{"line":18,"column":61}},{"start":{"line":18,"column":61},"end":{"line":18,"column":null}}],"line":18},"3":{"loc":{"start":{"line":20,"column":37},"end":{"line":20,"column":null}},"type":"binary-expr","locations":[{"start":{"line":20,"column":37},"end":{"line":20,"column":62}},{"start":{"line":20,"column":62},"end":{"line":20,"column":null}}],"line":20},"4":{"loc":{"start":{"line":24,"column":21},"end":{"line":24,"column":null}},"type":"cond-expr","locations":[{"start":{"line":24,"column":38},"end":{"line":24,"column":45}},{"start":{"line":24,"column":45},"end":{"line":24,"column":null}}],"line":24},"5":{"loc":{"start":{"line":36,"column":4},"end":{"line":36,"column":null}},"type":"if","locations":[{"start":{"line":36,"column":4},"end":{"line":36,"column":null}},{"start":{},"end":{}}],"line":36},"6":{"loc":{"start":{"line":36,"column":8},"end":{"line":36,"column":26}},"type":"binary-expr","locations":[{"start":{"line":36,"column":8},"end":{"line":36,"column":17}},{"start":{"line":36,"column":17},"end":{"line":36,"column":26}}],"line":36},"7":{"loc":{"start":{"line":39,"column":6},"end":{"line":43,"column":null}},"type":"if","locations":[{"start":{"line":39,"column":6},"end":{"line":43,"column":null}},{"start":{"line":41,"column":13},"end":{"line":43,"column":null}}],"line":39},"8":{"loc":{"start":{"line":65,"column":13},"end":{"line":76,"column":null}},"type":"cond-expr","locations":[{"start":{"line":66,"column":14},"end":{"line":70,"column":null}},{"start":{"line":72,"column":14},"end":{"line":76,"column":null}}],"line":65},"9":{"loc":{"start":{"line":67,"column":24},"end":{"line":67,"column":79}},"type":"binary-expr","locations":[{"start":{"line":67,"column":24},"end":{"line":67,"column":56}},{"start":{"line":67,"column":56},"end":{"line":67,"column":79}}],"line":67},"10":{"loc":{"start":{"line":74,"column":19},"end":{"line":74,"column":null}},"type":"binary-expr","locations":[{"start":{"line":74,"column":19},"end":{"line":74,"column":64}},{"start":{"line":74,"column":64},"end":{"line":74,"column":null}}],"line":74},"11":{"loc":{"start":{"line":96,"column":64},"end":{"line":96,"column":110}},"type":"cond-expr","locations":[{"start":{"line":96,"column":97},"end":{"line":96,"column":105}},{"start":{"line":96,"column":105},"end":{"line":96,"column":110}}],"line":96},"12":{"loc":{"start":{"line":104,"column":26},"end":{"line":104,"column":null}},"type":"binary-expr","locations":[{"start":{"line":104,"column":26},"end":{"line":104,"column":35}},{"start":{"line":104,"column":35},"end":{"line":104,"column":null}}],"line":104},"13":{"loc":{"start":{"line":106,"column":18},"end":{"line":108,"column":null}},"type":"cond-expr","locations":[{"start":{"line":107,"column":22},"end":{"line":107,"column":null}},{"start":{"line":108,"column":22},"end":{"line":108,"column":null}}],"line":106},"14":{"loc":{"start":{"line":109,"column":20},"end":{"line":109,"column":81}},"type":"cond-expr","locations":[{"start":{"line":109,"column":45},"end":{"line":109,"column":79}},{"start":{"line":109,"column":79},"end":{"line":109,"column":81}}],"line":109},"15":{"loc":{"start":{"line":109,"column":20},"end":{"line":109,"column":45}},"type":"binary-expr","locations":[{"start":{"line":109,"column":20},"end":{"line":109,"column":29}},{"start":{"line":109,"column":29},"end":{"line":109,"column":45}}],"line":109},"16":{"loc":{"start":{"line":114,"column":16},"end":{"line":116,"column":null}},"type":"cond-expr","locations":[{"start":{"line":114,"column":39},"end":{"line":114,"column":null}},{"start":{"line":115,"column":16},"end":{"line":116,"column":null}}],"line":114},"17":{"loc":{"start":{"line":115,"column":16},"end":{"line":116,"column":null}},"type":"cond-expr","locations":[{"start":{"line":115,"column":39},"end":{"line":115,"column":null}},{"start":{"line":116,"column":16},"end":{"line":116,"column":null}}],"line":115},"18":{"loc":{"start":{"line":122,"column":26},"end":{"line":122,"column":null}},"type":"binary-expr","locations":[{"start":{"line":122,"column":26},"end":{"line":122,"column":35}},{"start":{"line":122,"column":35},"end":{"line":122,"column":null}}],"line":122},"19":{"loc":{"start":{"line":124,"column":18},"end":{"line":126,"column":null}},"type":"cond-expr","locations":[{"start":{"line":125,"column":22},"end":{"line":125,"column":null}},{"start":{"line":126,"column":22},"end":{"line":126,"column":null}}],"line":124},"20":{"loc":{"start":{"line":127,"column":20},"end":{"line":127,"column":81}},"type":"cond-expr","locations":[{"start":{"line":127,"column":45},"end":{"line":127,"column":79}},{"start":{"line":127,"column":79},"end":{"line":127,"column":81}}],"line":127},"21":{"loc":{"start":{"line":127,"column":20},"end":{"line":127,"column":45}},"type":"binary-expr","locations":[{"start":{"line":127,"column":20},"end":{"line":127,"column":29}},{"start":{"line":127,"column":29},"end":{"line":127,"column":45}}],"line":127},"22":{"loc":{"start":{"line":138,"column":21},"end":{"line":138,"column":51}},"type":"binary-expr","locations":[{"start":{"line":138,"column":21},"end":{"line":138,"column":49}},{"start":{"line":138,"column":49},"end":{"line":138,"column":51}}],"line":138},"23":{"loc":{"start":{"line":146,"column":14},"end":{"line":148,"column":null}},"type":"cond-expr","locations":[{"start":{"line":147,"column":18},"end":{"line":147,"column":null}},{"start":{"line":148,"column":18},"end":{"line":148,"column":null}}],"line":146},"24":{"loc":{"start":{"line":149,"column":16},"end":{"line":149,"column":60}},"type":"cond-expr","locations":[{"start":{"line":149,"column":24},"end":{"line":149,"column":58}},{"start":{"line":149,"column":58},"end":{"line":149,"column":60}}],"line":149}},"s":{"0":7,"1":7,"2":7,"3":7,"4":7,"5":1,"6":0,"7":1,"8":1,"9":1,"10":1,"11":1,"12":1,"13":1,"14":1,"15":0,"16":1,"17":7,"18":0,"19":0,"20":0,"21":0,"22":0,"23":0,"24":0,"25":0,"26":0,"27":0,"28":0,"29":7,"30":7,"31":7,"32":1,"33":0},"f":{"0":7,"1":1,"2":1,"3":0,"4":7,"5":1,"6":0},"b":{"0":[0,1],"1":[1,1],"2":[0,1],"3":[1,1],"4":[0,1],"5":[0,0],"6":[0,0],"7":[0,0],"8":[0,7],"9":[0,0],"10":[7,0],"11":[0,7],"12":[7,4],"13":[1,6],"14":[4,3],"15":[7,4],"16":[7,0],"17":[0,0],"18":[7,4],"19":[0,7],"20":[4,3],"21":[7,4],"22":[7,0],"23":[1,6],"24":[3,4]},"meta":{"lastBranch":25,"lastFunction":7,"lastStatement":34,"seen":{"f:8:24:8:33":0,"s:9:15:9:Infinity":0,"s:10:28:10:Infinity":1,"s:11:40:11:Infinity":2,"s:12:32:12:Infinity":3,"s:14:21:33:Infinity":4,"f:14:21:14:28":1,"b:15:4:15:Infinity:undefined:undefined:undefined:undefined":0,"s:15:4:15:Infinity":5,"b:15:8:15:17:15:17:15:32":1,"s:15:32:15:Infinity":6,"s:16:4:16:Infinity":7,"s:17:4:32:Infinity":8,"s:18:23:18:Infinity":9,"b:18:57:18:61:18:61:18:Infinity":2,"s:19:6:19:Infinity":10,"s:20:25:20:Infinity":11,"b:20:37:20:62:20:62:20:Infinity":3,"s:21:6:25:Infinity":12,"f:21:19:21:28":2,"s:21:28:25:8":13,"b:24:38:24:45:24:45:24:Infinity":4,"s:27:6:27:Infinity":14,"s:29:6:29:Infinity":15,"s:31:6:31:Infinity":16,"s:35:25:50:Infinity":17,"f:35:25:35:37":3,"b:36:4:36:Infinity:undefined:undefined:undefined:undefined":5,"s:36:4:36:Infinity":18,"b:36:8:36:17:36:17:36:26":6,"s:36:26:36:Infinity":19,"s:37:4:37:Infinity":20,"s:38:4:48:Infinity":21,"b:39:6:43:Infinity:41:13:43:Infinity":7,"s:39:6:43:Infinity":22,"s:40:8:40:Infinity":23,"s:42:8:42:Infinity":24,"s:44:6:44:Infinity":25,"s:45:6:45:Infinity":26,"s:47:6:47:Infinity":27,"s:49:4:49:Infinity":28,"s:52:21:58:Infinity":29,"f:52:21:52:22":4,"s:53:4:57:Infinity":30,"s:60:2:155:Infinity":31,"b:66:14:70:Infinity:72:14:76:Infinity":8,"b:67:24:67:56:67:56:67:79":9,"b:74:19:74:64:74:64:74:Infinity":10,"b:96:97:96:105:96:105:96:110":11,"f:103:25:103:31":5,"s:103:31:103:Infinity":32,"b:104:26:104:35:104:35:104:Infinity":12,"b:107:22:107:Infinity:108:22:108:Infinity":13,"b:109:45:109:79:109:79:109:81":14,"b:109:20:109:29:109:29:109:45":15,"b:114:39:114:Infinity:115:16:116:Infinity":16,"b:115:39:115:Infinity:116:16:116:Infinity":17,"f:121:25:121:31":6,"s:121:31:121:Infinity":33,"b:122:26:122:35:122:35:122:Infinity":18,"b:125:22:125:Infinity:126:22:126:Infinity":19,"b:127:45:127:79:127:79:127:81":20,"b:127:20:127:29:127:29:127:45":21,"b:138:21:138:49:138:49:138:51":22,"b:147:18:147:Infinity:148:18:148:Infinity":23,"b:149:24:149:58:149:58:149:60":24}}}
,"/home/gleb/PycharmProjects/MicroBlog/frontend/micro-blog/src/components/SearchBar.jsx": {"path":"/home/gleb/PycharmProjects/MicroBlog/frontend/micro-blog/src/components/SearchBar.jsx","statementMap":{"0":{"start":{"line":4,"column":24},"end":{"line":4,"column":null}},"1":{"start":{"line":6,"column":23},"end":{"line":11,"column":null}},"2":{"start":{"line":7,"column":4},"end":{"line":7,"column":null}},"3":{"start":{"line":8,"column":4},"end":{"line":10,"column":null}},"4":{"start":{"line":9,"column":6},"end":{"line":9,"column":null}},"5":{"start":{"line":13,"column":2},"end":{"line":41,"column":null}},"6":{"start":{"line":18,"column":25},"end":{"line":18,"column":null}}},"fnMap":{"0":{"name":"SearchBar","decl":{"start":{"line":3,"column":24},"end":{"line":3,"column":34}},"loc":{"start":{"line":3,"column":74},"end":{"line":43,"column":null}},"line":3},"1":{"name":"(anonymous_1)","decl":{"start":{"line":6,"column":23},"end":{"line":6,"column":24}},"loc":{"start":{"line":6,"column":30},"end":{"line":11,"column":null}},"line":6},"2":{"name":"(anonymous_2)","decl":{"start":{"line":18,"column":18},"end":{"line":18,"column":19}},"loc":{"start":{"line":18,"column":25},"end":{"line":18,"column":null}},"line":18}},"branchMap":{"0":{"loc":{"start":{"line":3,"column":46},"end":{"line":3,"column":71}},"type":"default-arg","locations":[{"start":{"line":3,"column":60},"end":{"line":3,"column":71}}],"line":3},"1":{"loc":{"start":{"line":8,"column":4},"end":{"line":10,"column":null}},"type":"if","locations":[{"start":{"line":8,"column":4},"end":{"line":10,"column":null}},{"start":{},"end":{}}],"line":8}},"s":{"0":22,"1":22,"2":3,"3":3,"4":2,"5":22,"6":18},"f":{"0":22,"1":3,"2":18},"b":{"0":[22],"1":[2,1]},"meta":{"lastBranch":2,"lastFunction":3,"lastStatement":7,"seen":{"f:3:24:3:34":0,"b:3:60:3:71":0,"s:4:24:4:Infinity":0,"s:6:23:11:Infinity":1,"f:6:23:6:24":1,"s:7:4:7:Infinity":2,"b:8:4:10:Infinity:undefined:undefined:undefined:undefined":1,"s:8:4:10:Infinity":3,"s:9:6:9:Infinity":4,"s:13:2:41:Infinity":5,"f:18:18:18:19":2,"s:18:25:18:Infinity":6}}}
,"/home/gleb/PycharmProjects/MicroBlog/frontend/micro-blog/src/context/AuthContext.jsx": {"path":"/home/gleb/PycharmProjects/MicroBlog/frontend/micro-blog/src/context/AuthContext.jsx","statementMap":{"0":{"start":{"line":4,"column":6},"end":{"line":4,"column":null}},"1":{"start":{"line":7,"column":22},"end":{"line":7,"column":null}},"2":{"start":{"line":8,"column":28},"end":{"line":8,"column":null}},"3":{"start":{"line":10,"column":2},"end":{"line":22,"column":null}},"4":{"start":{"line":11,"column":18},"end":{"line":11,"column":null}},"5":{"start":{"line":12,"column":4},"end":{"line":21,"column":null}},"6":{"start":{"line":13,"column":6},"end":{"line":18,"column":null}},"7":{"start":{"line":16,"column":10},"end":{"line":16,"column":null}},"8":{"start":{"line":18,"column":23},"end":{"line":18,"column":40}},"9":{"start":{"line":20,"column":6},"end":{"line":20,"column":null}},"10":{"start":{"line":24,"column":16},"end":{"line":27,"column":null}},"11":{"start":{"line":25,"column":4},"end":{"line":25,"column":null}},"12":{"start":{"line":26,"column":4},"end":{"line":26,"column":null}},"13":{"start":{"line":29,"column":17},"end":{"line":32,"column":null}},"14":{"start":{"line":30,"column":4},"end":{"line":30,"column":null}},"15":{"start":{"line":31,"column":4},"end":{"line":31,"column":null}},"16":{"start":{"line":34,"column":21},"end":{"line":36,"column":null}},"17":{"start":{"line":35,"column":4},"end":{"line":35,"column":null}},"18":{"start":{"line":38,"column":2},"end":{"line":41,"column":null}},"19":{"start":{"line":46,"column":8},"end":{"line":46,"column":null}},"20":{"start":{"line":47,"column":2},"end":{"line":49,"column":null}},"21":{"start":{"line":48,"column":4},"end":{"line":48,"column":null}},"22":{"start":{"line":50,"column":2},"end":{"line":50,"column":null}}},"fnMap":{"0":{"name":"AuthProvider","decl":{"start":{"line":6,"column":16},"end":{"line":6,"column":29}},"loc":{"start":{"line":6,"column":43},"end":{"line":43,"column":null}},"line":6},"1":{"name":"(anonymous_1)","decl":{"start":{"line":10,"column":12},"end":{"line":10,"column":18}},"loc":{"start":{"line":10,"column":18},"end":{"line":22,"column":5}},"line":10},"2":{"name":"(anonymous_2)","decl":{"start":{"line":15,"column":15},"end":{"line":15,"column":21}},"loc":{"start":{"line":15,"column":21},"end":{"line":17,"column":9}},"line":15},"3":{"name":"(anonymous_3)","decl":{"start":{"line":18,"column":17},"end":{"line":18,"column":23}},"loc":{"start":{"line":18,"column":23},"end":{"line":18,"column":40}},"line":18},"4":{"name":"(anonymous_4)","decl":{"start":{"line":24,"column":16},"end":{"line":24,"column":17}},"loc":{"start":{"line":24,"column":37},"end":{"line":27,"column":null}},"line":24},"5":{"name":"(anonymous_5)","decl":{"start":{"line":29,"column":17},"end":{"line":29,"column":23}},"loc":{"start":{"line":29,"column":23},"end":{"line":32,"column":null}},"line":29},"6":{"name":"(anonymous_6)","decl":{"start":{"line":34,"column":21},"end":{"line":34,"column":22}},"loc":{"start":{"line":34,"column":35},"end":{"line":36,"column":null}},"line":34},"7":{"name":"useAuth","decl":{"start":{"line":45,"column":16},"end":{"line":45,"column":26}},"loc":{"start":{"line":45,"column":26},"end":{"line":51,"column":null}},"line":45}},"branchMap":{"0":{"loc":{"start":{"line":12,"column":4},"end":{"line":21,"column":null}},"type":"if","locations":[{"start":{"line":12,"column":4},"end":{"line":21,"column":null}},{"start":{"line":19,"column":11},"end":{"line":21,"column":null}}],"line":12},"1":{"loc":{"start":{"line":47,"column":2},"end":{"line":49,"column":null}},"type":"if","locations":[{"start":{"line":47,"column":2},"end":{"line":49,"column":null}},{"start":{},"end":{}}],"line":47}},"s":{"0":1,"1":2,"2":2,"3":2,"4":1,"5":1,"6":0,"7":0,"8":0,"9":1,"10":2,"11":0,"12":0,"13":2,"14":0,"15":0,"16":2,"17":0,"18":2,"19":2,"20":2,"21":0,"22":2},"f":{"0":2,"1":1,"2":0,"3":0,"4":0,"5":0,"6":0,"7":2},"b":{"0":[0,1],"1":[0,2]},"meta":{"lastBranch":2,"lastFunction":8,"lastStatement":23,"seen":{"s:4:6:4:Infinity":0,"f:6:16:6:29":0,"s:7:22:7:Infinity":1,"s:8:28:8:Infinity":2,"s:10:2:22:Infinity":3,"f:10:12:10:18":1,"s:11:18:11:Infinity":4,"b:12:4:21:Infinity:19:11:21:Infinity":0,"s:12:4:21:Infinity":5,"s:13:6:18:Infinity":6,"f:15:15:15:21":2,"s:16:10:16:Infinity":7,"f:18:17:18:23":3,"s:18:23:18:40":8,"s:20:6:20:Infinity":9,"s:24:16:27:Infinity":10,"f:24:16:24:17":4,"s:25:4:25:Infinity":11,"s:26:4:26:Infinity":12,"s:29:17:32:Infinity":13,"f:29:17:29:23":5,"s:30:4:30:Infinity":14,"s:31:4:31:Infinity":15,"s:34:21:36:Infinity":16,"f:34:21:34:22":6,"s:35:4:35:Infinity":17,"s:38:2:41:Infinity":18,"f:45:16:45:26":7,"s:46:8:46:Infinity":19,"b:47:2:49:Infinity:undefined:undefined:undefined:undefined":1,"s:47:2:49:Infinity":20,"s:48:4:48:Infinity":21,"s:50:2:50:Infinity":22}}}
,"/home/gleb/PycharmProjects/MicroBlog/frontend/micro-blog/src/context/ThemeContext.jsx": {"path":"/home/gleb/PycharmProjects/MicroBlog/frontend/micro-blog/src/context/ThemeContext.jsx","statementMap":{"0":{"start":{"line":3,"column":6},"end":{"line":3,"column":null}},"1":{"start":{"line":6,"column":24},"end":{"line":8,"column":null}},"2":{"start":{"line":7,"column":4},"end":{"line":7,"column":null}},"3":{"start":{"line":10,"column":2},"end":{"line":33,"column":null}},"4":{"start":{"line":11,"column":17},"end":{"line":11,"column":null}},"5":{"start":{"line":13,"column":23},"end":{"line":19,"column":null}},"6":{"start":{"line":14,"column":6},"end":{"line":18,"column":null}},"7":{"start":{"line":15,"column":8},"end":{"line":15,"column":null}},"8":{"start":{"line":17,"column":8},"end":{"line":17,"column":null}},"9":{"start":{"line":21,"column":4},"end":{"line":30,"column":null}},"10":{"start":{"line":22,"column":25},"end":{"line":22,"column":null}},"11":{"start":{"line":23,"column":6},"end":{"line":23,"column":null}},"12":{"start":{"line":25,"column":22},"end":{"line":25,"column":null}},"13":{"start":{"line":25,"column":29},"end":{"line":25,"column":null}},"14":{"start":{"line":26,"column":6},"end":{"line":26,"column":null}},"15":{"start":{"line":27,"column":6},"end":{"line":27,"column":null}},"16":{"start":{"line":27,"column":19},"end":{"line":27,"column":null}},"17":{"start":{"line":29,"column":6},"end":{"line":29,"column":null}},"18":{"start":{"line":32,"column":4},"end":{"line":32,"column":null}},"19":{"start":{"line":35,"column":2},"end":{"line":38,"column":null}},"20":{"start":{"line":43,"column":8},"end":{"line":43,"column":null}},"21":{"start":{"line":44,"column":2},"end":{"line":46,"column":null}},"22":{"start":{"line":45,"column":4},"end":{"line":45,"column":null}},"23":{"start":{"line":47,"column":2},"end":{"line":47,"column":null}}},"fnMap":{"0":{"name":"ThemeProvider","decl":{"start":{"line":5,"column":16},"end":{"line":5,"column":30}},"loc":{"start":{"line":5,"column":44},"end":{"line":40,"column":null}},"line":5},"1":{"name":"(anonymous_1)","decl":{"start":{"line":6,"column":37},"end":{"line":6,"column":43}},"loc":{"start":{"line":6,"column":43},"end":{"line":8,"column":3}},"line":6},"2":{"name":"(anonymous_2)","decl":{"start":{"line":10,"column":12},"end":{"line":10,"column":18}},"loc":{"start":{"line":10,"column":18},"end":{"line":33,"column":5}},"line":10},"3":{"name":"(anonymous_3)","decl":{"start":{"line":13,"column":23},"end":{"line":13,"column":24}},"loc":{"start":{"line":13,"column":35},"end":{"line":19,"column":null}},"line":13},"4":{"name":"(anonymous_4)","decl":{"start":{"line":25,"column":22},"end":{"line":25,"column":23}},"loc":{"start":{"line":25,"column":29},"end":{"line":25,"column":null}},"line":25},"5":{"name":"(anonymous_5)","decl":{"start":{"line":27,"column":13},"end":{"line":27,"column":19}},"loc":{"start":{"line":27,"column":19},"end":{"line":27,"column":null}},"line":27},"6":{"name":"useTheme","decl":{"start":{"line":42,"column":16},"end":{"line":42,"column":27}},"loc":{"start":{"line":42,"column":27},"end":{"line":48,"column":null}},"line":42}},"branchMap":{"0":{"loc":{"start":{"line":7,"column":11},"end":{"line":7,"column":null}},"type":"binary-expr","locations":[{"start":{"line":7,"column":11},"end":{"line":7,"column":44}},{"start":{"line":7,"column":44},"end":{"line":7,"column":null}}],"line":7},"1":{"loc":{"start":{"line":14,"column":6},"end":{"line":18,"column":null}},"type":"if","locations":[{"start":{"line":14,"column":6},"end":{"line":18,"column":null}},{"start":{"line":16,"column":13},"end":{"line":18,"column":null}}],"line":14},"2":{"loc":{"start":{"line":21,"column":4},"end":{"line":30,"column":null}},"type":"if","locations":[{"start":{"line":21,"column":4},"end":{"line":30,"column":null}},{"start":{"line":28,"column":11},"end":{"line":30,"column":null}}],"line":21},"3":{"loc":{"start":{"line":44,"column":2},"end":{"line":46,"column":null}},"type":"if","locations":[{"start":{"line":44,"column":2},"end":{"line":46,"column":null}},{"start":{},"end":{}}],"line":44}},"s":{"0":1,"1":7,"2":4,"3":7,"4":7,"5":7,"6":7,"7":2,"8":5,"9":7,"10":4,"11":4,"12":4,"13":0,"14":4,"15":4,"16":4,"17":3,"18":3,"19":7,"20":7,"21":7,"22":0,"23":7},"f":{"0":7,"1":4,"2":7,"3":7,"4":0,"5":4,"6":7},"b":{"0":[4,4],"1":[2,5],"2":[4,3],"3":[0,7]},"meta":{"lastBranch":4,"lastFunction":7,"lastStatement":24,"seen":{"s:3:6:3:Infinity":0,"f:5:16:5:30":0,"s:6:24:8:Infinity":1,"f:6:37:6:43":1,"s:7:4:7:Infinity":2,"b:7:11:7:44:7:44:7:Infinity":0,"s:10:2:33:Infinity":3,"f:10:12:10:18":2,"s:11:17:11:Infinity":4,"s:13:23:19:Infinity":5,"f:13:23:13:24":3,"b:14:6:18:Infinity:16:13:18:Infinity":1,"s:14:6:18:Infinity":6,"s:15:8:15:Infinity":7,"s:17:8:17:Infinity":8,"b:21:4:30:Infinity:28:11:30:Infinity":2,"s:21:4:30:Infinity":9,"s:22:25:22:Infinity":10,"s:23:6:23:Infinity":11,"s:25:22:25:Infinity":12,"f:25:22:25:23":4,"s:25:29:25:Infinity":13,"s:26:6:26:Infinity":14,"s:27:6:27:Infinity":15,"f:27:13:27:19":5,"s:27:19:27:Infinity":16,"s:29:6:29:Infinity":17,"s:32:4:32:Infinity":18,"s:35:2:38:Infinity":19,"f:42:16:42:27":6,"s:43:8:43:Infinity":20,"b:44:2:46:Infinity:undefined:undefined:undefined:undefined":3,"s:44:2:46:Infinity":21,"s:45:4:45:Infinity":22,"s:47:2:47:Infinity":23}}}
}
